# Dusk
Drive_the_Cold_Winter_Away
Introduction_Bay_2022
Sun_God_Hymn: plus intro, TODO add
X_Days_of_X_Risk: plus intro, TODO add
Ballad_of_Smallpox_Gone: plus intro, TODO add
Mary_Ellen_Carter: TODO intro
Time_Wrote_the_Rocks: TODO intro (also transition from Mary Ellen Carter)
We_Seek_We_Strive_We_Yearn: TODO intro, plus sheet music

# Night
Intro to Night section
Bitter_Wind_Lullaby
We_Will_Become_Silhouettes: TODO plus intro
How_Will_The_Bomb_Find_You (speech): TODO: plus intro
Dying_Outside_1
Hymn_to_Breaking_Strain
The_Next_War: plus intro
Who_By_Fire: plus intro
Dying_Outside_2

# Dawn
Brighter_than_Today
The_Gift_We_Give_to_Tomorrow

# Day
Far_Future_Song: plus intro
Singularity: plus intro
Inevitable_Speech_About_Crypto
Battle_Hymn_of_Rationalist_Community
Somebody_Will: plus intro
Here_Comes_The_Sun
